{"level":"error","message":"Failed to get Zodia auth token: Invalid authentication response","timestamp":"2025-07-17T06:20:34.722Z"}
{"level":"error","message":"Zodia WebSocket connection failed: Invalid authentication response","timestamp":"2025-07-17T06:20:34.722Z"}
{"level":"error","message":"Failed to get Zodia auth token: Invalid authentication response","timestamp":"2025-07-17T06:20:39.979Z"}
{"level":"error","message":"Zodia WebSocket connection failed: Invalid authentication response","timestamp":"2025-07-17T06:20:39.979Z"}
{"level":"error","message":"Failed to get Zodia auth token: Invalid authentication response","timestamp":"2025-07-17T06:20:50.251Z"}
{"level":"error","message":"Zodia WebSocket connection failed: Invalid authentication response","timestamp":"2025-07-17T06:20:50.251Z"}
{"level":"error","message":"Failed to get Zodia auth token: Invalid authentication response","timestamp":"2025-07-17T06:21:05.512Z"}
{"level":"error","message":"Zodia WebSocket connection failed: Invalid authentication response","timestamp":"2025-07-17T06:21:05.512Z"}
{"level":"error","message":"Failed to get Zodia auth token: Invalid authentication response","timestamp":"2025-07-17T06:21:25.832Z"}
{"level":"error","message":"Zodia WebSocket connection failed: Invalid authentication response","timestamp":"2025-07-17T06:21:25.832Z"}
{"level":"error","message":"Failed to get Zodia auth token: Invalid authentication response","timestamp":"2025-07-17T06:21:46.457Z"}
{"level":"error","message":"Zodia WebSocket connection failed: Invalid authentication response","timestamp":"2025-07-17T06:21:46.457Z"}
{"level":"error","message":"Max reconnection attempts reached for Zodia WebSocket","timestamp":"2025-07-17T06:21:46.457Z"}
{"level":"error","message":"Failed to get Zodia auth token: Invalid authentication response","timestamp":"2025-07-17T06:21:47.558Z"}
{"level":"error","message":"Zodia WebSocket connection failed: Invalid authentication response","timestamp":"2025-07-17T06:21:47.558Z"}
{"level":"error","message":"Max reconnection attempts reached for Zodia WebSocket","timestamp":"2025-07-17T06:21:47.558Z"}
{"level":"error","message":"Failed to get Zodia auth token: Invalid authentication response","timestamp":"2025-07-17T06:21:51.027Z"}
{"level":"error","message":"Zodia WebSocket connection failed: Invalid authentication response","timestamp":"2025-07-17T06:21:51.027Z"}
{"level":"error","message":"Max reconnection attempts reached for Zodia WebSocket","timestamp":"2025-07-17T06:21:51.027Z"}
{"level":"error","message":"Failed to get Zodia auth token: Invalid authentication response","timestamp":"2025-07-17T06:24:32.083Z"}
{"level":"error","message":"Zodia WebSocket connection failed: Invalid authentication response","timestamp":"2025-07-17T06:24:32.083Z"}
{"level":"error","message":"Failed to get Zodia auth token: Invalid authentication response","timestamp":"2025-07-17T06:24:34.254Z"}
{"level":"error","message":"Zodia WebSocket connection failed: Invalid authentication response","timestamp":"2025-07-17T06:24:34.254Z"}
{"level":"error","message":"Failed to get Zodia auth token: Invalid authentication response","timestamp":"2025-07-17T06:24:37.277Z"}
{"level":"error","message":"Zodia WebSocket connection failed: Invalid authentication response","timestamp":"2025-07-17T06:24:37.278Z"}
{"level":"error","message":"Failed to get Zodia auth token: Invalid authentication response","timestamp":"2025-07-17T06:24:44.549Z"}
{"level":"error","message":"Zodia WebSocket connection failed: Invalid authentication response","timestamp":"2025-07-17T06:24:44.549Z"}
{"level":"error","message":"Failed to get Zodia auth token: Invalid authentication response","timestamp":"2025-07-17T06:24:44.776Z"}
{"level":"error","message":"Zodia WebSocket connection failed: Invalid authentication response","timestamp":"2025-07-17T06:24:44.776Z"}
{"level":"error","message":"Failed to get Zodia auth token: Invalid authentication response","timestamp":"2025-07-17T06:24:46.196Z"}
{"level":"error","message":"Zodia WebSocket connection failed: Invalid authentication response","timestamp":"2025-07-17T06:24:46.197Z"}
{"level":"error","message":"Max reconnection attempts reached for Zodia WebSocket","timestamp":"2025-07-17T06:24:46.198Z"}
{"level":"error","message":"Failed to get Zodia auth token: Invalid authentication response","timestamp":"2025-07-17T06:24:46.909Z"}
{"level":"error","message":"Zodia WebSocket connection failed: Invalid authentication response","timestamp":"2025-07-17T06:24:46.910Z"}
{"level":"error","message":"Max reconnection attempts reached for Zodia WebSocket","timestamp":"2025-07-17T06:24:46.910Z"}
{"level":"error","message":"Failed to get Zodia auth token: Invalid authentication response","timestamp":"2025-07-17T06:24:52.591Z"}
{"level":"error","message":"Zodia WebSocket connection failed: Invalid authentication response","timestamp":"2025-07-17T06:24:52.592Z"}
{"level":"error","message":"Max reconnection attempts reached for Zodia WebSocket","timestamp":"2025-07-17T06:24:52.592Z"}
{"level":"error","message":"Failed to get Zodia auth token: Invalid authentication response","timestamp":"2025-07-17T06:25:04.769Z"}
{"level":"error","message":"Zodia WebSocket connection failed: Invalid authentication response","timestamp":"2025-07-17T06:25:04.770Z"}
{"level":"error","message":"Max reconnection attempts reached for Zodia WebSocket","timestamp":"2025-07-17T06:25:04.770Z"}
{"level":"error","message":"Failed to get Zodia auth token: Invalid authentication response","timestamp":"2025-07-17T06:25:10.474Z"}
{"level":"error","message":"Zodia WebSocket connection failed: Invalid authentication response","timestamp":"2025-07-17T06:25:10.475Z"}
{"level":"error","message":"Max reconnection attempts reached for Zodia WebSocket","timestamp":"2025-07-17T06:25:10.475Z"}
{"level":"error","message":"Failed to get Zodia auth token: Invalid authentication response","timestamp":"2025-07-17T06:29:40.029Z"}
{"level":"error","message":"Zodia WebSocket connection failed: Invalid authentication response","timestamp":"2025-07-17T06:29:40.030Z"}
{"level":"error","message":"Failed to get Zodia auth token: Invalid authentication response","timestamp":"2025-07-17T06:29:45.671Z"}
{"level":"error","message":"Zodia WebSocket connection failed: Invalid authentication response","timestamp":"2025-07-17T06:29:45.671Z"}
{"level":"error","message":"Failed to get Zodia auth token: Invalid authentication response","timestamp":"2025-07-17T06:29:56.363Z"}
{"level":"error","message":"Zodia WebSocket connection failed: Invalid authentication response","timestamp":"2025-07-17T06:29:56.363Z"}
{"level":"error","message":"Failed to get Zodia auth token: Invalid authentication response","timestamp":"2025-07-17T06:30:11.686Z"}
{"level":"error","message":"Zodia WebSocket connection failed: Invalid authentication response","timestamp":"2025-07-17T06:30:11.686Z"}
{"level":"error","message":"Failed to get Zodia auth token: Invalid authentication response","timestamp":"2025-07-17T06:30:32.197Z"}
{"level":"error","message":"Zodia WebSocket connection failed: Invalid authentication response","timestamp":"2025-07-17T06:30:32.198Z"}
{"level":"error","message":"Failed to get Zodia auth token: Invalid authentication response","timestamp":"2025-07-17T06:30:57.679Z"}
{"level":"error","message":"Zodia WebSocket connection failed: Invalid authentication response","timestamp":"2025-07-17T06:30:57.680Z"}
{"level":"error","message":"Max reconnection attempts reached for Zodia WebSocket","timestamp":"2025-07-17T06:30:57.680Z"}
{"level":"error","message":"Invalid auth response structure: Authentication request has failed!","timestamp":"2025-07-17T06:32:06.353Z","token":""}
{"level":"error","message":"Failed to get Zodia auth token: Invalid authentication response - no token field","timestamp":"2025-07-17T06:32:06.354Z"}
{"level":"error","message":"Zodia WebSocket connection failed: Invalid authentication response - no token field","timestamp":"2025-07-17T06:32:06.354Z"}
{"level":"error","message":"Invalid auth response structure: Authentication request has failed!","timestamp":"2025-07-17T06:32:11.726Z","token":""}
{"level":"error","message":"Failed to get Zodia auth token: Invalid authentication response - no token field","timestamp":"2025-07-17T06:32:11.727Z"}
{"level":"error","message":"Zodia WebSocket connection failed: Invalid authentication response - no token field","timestamp":"2025-07-17T06:32:11.727Z"}
{"level":"error","message":"Invalid auth response structure: Authentication request has failed!","timestamp":"2025-07-17T06:32:22.269Z","token":""}
{"level":"error","message":"Failed to get Zodia auth token: Invalid authentication response - no token field","timestamp":"2025-07-17T06:32:22.269Z"}
{"level":"error","message":"Zodia WebSocket connection failed: Invalid authentication response - no token field","timestamp":"2025-07-17T06:32:22.269Z"}
{"level":"error","message":"Invalid auth response structure: Authentication request has failed!","timestamp":"2025-07-17T06:32:37.450Z","token":""}
{"level":"error","message":"Failed to get Zodia auth token: Invalid authentication response - no token field","timestamp":"2025-07-17T06:32:37.450Z"}
{"level":"error","message":"Zodia WebSocket connection failed: Invalid authentication response - no token field","timestamp":"2025-07-17T06:32:37.450Z"}
{"level":"error","message":"Invalid auth response structure: Authentication request has failed!","timestamp":"2025-07-17T06:32:57.727Z","token":""}
{"level":"error","message":"Failed to get Zodia auth token: Invalid authentication response - no token field","timestamp":"2025-07-17T06:32:57.727Z"}
{"level":"error","message":"Zodia WebSocket connection failed: Invalid authentication response - no token field","timestamp":"2025-07-17T06:32:57.727Z"}
{"level":"error","message":"Invalid auth response structure: Authentication request has failed!","timestamp":"2025-07-17T06:33:23.053Z","token":""}
{"level":"error","message":"Failed to get Zodia auth token: Invalid authentication response - no token field","timestamp":"2025-07-17T06:33:23.053Z"}
{"level":"error","message":"Zodia WebSocket connection failed: Invalid authentication response - no token field","timestamp":"2025-07-17T06:33:23.053Z"}
{"level":"error","message":"Max reconnection attempts reached for Zodia WebSocket","timestamp":"2025-07-17T06:33:23.053Z"}
